Removed Member From Class: ClassName=FETChannel1 Member=D2_FETChannel1
Removed Member From Class: ClassName=FETChannel1 Member=D3_FETChannel1
Removed Member From Class: ClassName=FETChannel1 Member=FC1_FETChannel1
Removed Member From Class: ClassName=FETChannel1 Member=FET_TP_FETChannel1
Removed Member From Class: ClassName=FETChannel1 Member=FET_TP_GND_FETChannel1
Removed Member From Class: ClassName=FETChannel1 Member=Q1_FETChannel1
Removed Member From Class: ClassName=FETChannel1 Member=R4_FETChannel1
Removed Member From Class: ClassName=FETChannel1 Member=R5_FETChannel1
Removed Member From Class: ClassName=FETChannel1 Member=R6_FETChannel1
Change Component Designator: OldDesignator=D2_FETChannel1 NewDesignator=D2_FETChannel2
Change Component Designator: OldDesignator=D2_FETChannel2 NewDesignator=D2_FETChannel3
Change Component Designator: OldDesignator=D2_FETChannel3 NewDesignator=D2_FETChannel4
Change Component Designator: OldDesignator=D2_FETChannel4 NewDesignator=D2_FETChannel5
Change Component Designator: OldDesignator=D2_FETChannel5 NewDesignator=D2_FETChannel6
Change Component Designator: OldDesignator=D2_FETChannel6 NewDesignator=D2_FETChannel7
Change Component Designator: OldDesignator=D3_FETChannel1 NewDesignator=D3_FETChannel2
Change Component Designator: OldDesignator=D3_FETChannel2 NewDesignator=D3_FETChannel3
Change Component Designator: OldDesignator=D3_FETChannel3 NewDesignator=D3_FETChannel4
Change Component Designator: OldDesignator=D3_FETChannel4 NewDesignator=D3_FETChannel5
Change Component Designator: OldDesignator=D3_FETChannel5 NewDesignator=D3_FETChannel6
Change Component Designator: OldDesignator=D3_FETChannel6 NewDesignator=D3_FETChannel7
Change Component Designator: OldDesignator=FC1_FETChannel1 NewDesignator=FC1_FETChannel2
Change Component Designator: OldDesignator=FC1_FETChannel2 NewDesignator=FC1_FETChannel3
Change Component Designator: OldDesignator=FC1_FETChannel3 NewDesignator=FC1_FETChannel4
Change Component Designator: OldDesignator=FC1_FETChannel4 NewDesignator=FC1_FETChannel5
Change Component Designator: OldDesignator=FC1_FETChannel5 NewDesignator=FC1_FETChannel6
Change Component Designator: OldDesignator=FC1_FETChannel6 NewDesignator=FC1_FETChannel7
Change Component Designator: OldDesignator=FET_TP_FETChannel1 NewDesignator=FET_TP_FETChannel2
Change Component Designator: OldDesignator=FET_TP_FETChannel2 NewDesignator=FET_TP_FETChannel3
Change Component Designator: OldDesignator=FET_TP_FETChannel3 NewDesignator=FET_TP_FETChannel4
Change Component Designator: OldDesignator=FET_TP_FETChannel4 NewDesignator=FET_TP_FETChannel5
Change Component Designator: OldDesignator=FET_TP_FETChannel5 NewDesignator=FET_TP_FETChannel6
Change Component Designator: OldDesignator=FET_TP_FETChannel6 NewDesignator=FET_TP_FETChannel7
Change Component Designator: OldDesignator=FET_TP_GND_FETChannel1 NewDesignator=FET_TP_GND_FETChannel2
Change Component Designator: OldDesignator=FET_TP_GND_FETChannel2 NewDesignator=FET_TP_GND_FETChannel3
Change Component Designator: OldDesignator=FET_TP_GND_FETChannel3 NewDesignator=FET_TP_GND_FETChannel4
Change Component Designator: OldDesignator=FET_TP_GND_FETChannel4 NewDesignator=FET_TP_GND_FETChannel5
Change Component Designator: OldDesignator=FET_TP_GND_FETChannel5 NewDesignator=FET_TP_GND_FETChannel6
Change Component Designator: OldDesignator=FET_TP_GND_FETChannel6 NewDesignator=FET_TP_GND_FETChannel7
Change Component Designator: OldDesignator=Q1_FETChannel1 NewDesignator=Q1_FETChannel2
Change Component Designator: OldDesignator=Q1_FETChannel2 NewDesignator=Q1_FETChannel3
Change Component Designator: OldDesignator=Q1_FETChannel3 NewDesignator=Q1_FETChannel4
Change Component Designator: OldDesignator=Q1_FETChannel4 NewDesignator=Q1_FETChannel5
Change Component Designator: OldDesignator=Q1_FETChannel5 NewDesignator=Q1_FETChannel6
Change Component Designator: OldDesignator=Q1_FETChannel6 NewDesignator=Q1_FETChannel7
Change Component Designator: OldDesignator=R4_FETChannel1 NewDesignator=R4_FETChannel2
Change Component Designator: OldDesignator=R4_FETChannel2 NewDesignator=R4_FETChannel3
Change Component Designator: OldDesignator=R4_FETChannel3 NewDesignator=R4_FETChannel4
Change Component Designator: OldDesignator=R4_FETChannel4 NewDesignator=R4_FETChannel5
Change Component Designator: OldDesignator=R4_FETChannel5 NewDesignator=R4_FETChannel6
Change Component Designator: OldDesignator=R4_FETChannel6 NewDesignator=R4_FETChannel7
Change Component Designator: OldDesignator=R5_FETChannel1 NewDesignator=R5_FETChannel2
Change Component Designator: OldDesignator=R5_FETChannel2 NewDesignator=R5_FETChannel3
Change Component Designator: OldDesignator=R5_FETChannel3 NewDesignator=R5_FETChannel4
Change Component Designator: OldDesignator=R5_FETChannel4 NewDesignator=R5_FETChannel5
Change Component Designator: OldDesignator=R5_FETChannel5 NewDesignator=R5_FETChannel6
Change Component Designator: OldDesignator=R5_FETChannel6 NewDesignator=R5_FETChannel7
Change Component Designator: OldDesignator=R6_FETChannel1 NewDesignator=R6_FETChannel2
Change Component Designator: OldDesignator=R6_FETChannel2 NewDesignator=R6_FETChannel3
Change Component Designator: OldDesignator=R6_FETChannel3 NewDesignator=R6_FETChannel4
Change Component Designator: OldDesignator=R6_FETChannel4 NewDesignator=R6_FETChannel5
Change Component Designator: OldDesignator=R6_FETChannel5 NewDesignator=R6_FETChannel6
Change Component Designator: OldDesignator=R6_FETChannel6 NewDesignator=R6_FETChannel7
Added Component: Designator=D2_Bed FET(SM 0805 polarized)
Added Component: Designator=D3_Bed FET(SMB)
Added Component: Designator=FC1_Bed FET(Molex 70543-02)
Added Component: Designator=FET_TP_Bed FET(PIN1)
Added Component: Designator=FET_TP_GND_Bed FET(PIN1)
Added Component: Designator=Q1_Bed FET(Fairchild FDT439N)
Added Component: Designator=R4_Bed FET(SM 0805 - gap trimmed)
Added Component: Designator=R5_Bed FET(J1-0603)
Added Component: Designator=R6_Bed FET(J1-0603)
Added Pin To Net: NetName=VCC_SOURCE Pin=C3-1
Added Pin To Net: NetName=VCC_SOURCE Pin=C5-2
Added Pin To Net: NetName=VCC_SOURCE Pin=C6-2
Added Pin To Net: NetName=+12VCC3 Pin=D3_Bed FET-2
Added Pin To Net: NetName=VCC_SOURCE Pin=D4-2
Added Pin To Net: NetName=VCC_SOURCE Pin=F2-2
Added Pin To Net: NetName=VCC_SOURCE Pin=F2-2
Added Pin To Net: NetName=+12VCC3 Pin=FC1_Bed FET-1
Added Pin To Net: NetName=+12VCC3 Pin=FET_TP_Bed FET-1
Added Pin To Net: NetName=GND Pin=Q1_Bed FET-3
Added Pin To Net: NetName=VCC_SOURCE Pin=R1-2
Added Pin To Net: NetName=+12VCC3 Pin=R4_Bed FET-2
Added Pin To Net: NetName=GND Pin=R6_Bed FET-2
Added Pin To Net: NetName=MISO Pin=U8-25
Added Pin To Net: NetName=SCLK Pin=U8-27
Change Net Name : Old Net Name=FET_PWM6 New Net Name=FET_PWM4
Change Net Name : Old Net Name=NetD2_FETChannel1_1 New Net Name=NetD2_FETChannel2_1
Change Net Name : Old Net Name=NetD2_FETChannel1_2 New Net Name=NetD2_FETChannel2_2
Change Net Name : Old Net Name=NetD2_FETChannel2_1 New Net Name=NetD2_FETChannel3_1
Change Net Name : Old Net Name=NetD2_FETChannel2_2 New Net Name=NetD2_FETChannel3_2
Change Net Name : Old Net Name=NetD2_FETChannel3_1 New Net Name=NetD2_FETChannel4_1
Change Net Name : Old Net Name=NetD2_FETChannel3_2 New Net Name=NetD2_FETChannel4_2
Change Net Name : Old Net Name=NetD2_FETChannel4_1 New Net Name=NetD2_FETChannel5_1
Change Net Name : Old Net Name=NetD2_FETChannel4_2 New Net Name=NetD2_FETChannel5_2
Change Net Name : Old Net Name=NetD2_FETChannel5_1 New Net Name=NetD2_FETChannel6_1
Change Net Name : Old Net Name=NetD2_FETChannel5_2 New Net Name=NetD2_FETChannel6_2
Change Net Name : Old Net Name=NetD2_FETChannel6_1 New Net Name=NetD2_FETChannel7_1
Change Net Name : Old Net Name=NetD2_FETChannel6_2 New Net Name=NetD2_FETChannel7_2
Change Net Name : Old Net Name=NetQ1_FETChannel1_1 New Net Name=NetQ1_FETChannel2_1
Change Net Name : Old Net Name=NetQ1_FETChannel2_1 New Net Name=NetQ1_FETChannel3_1
Change Net Name : Old Net Name=NetQ1_FETChannel3_1 New Net Name=NetQ1_FETChannel4_1
Change Net Name : Old Net Name=NetQ1_FETChannel4_1 New Net Name=NetQ1_FETChannel5_1
Change Net Name : Old Net Name=NetQ1_FETChannel5_1 New Net Name=NetQ1_FETChannel6_1
Change Net Name : Old Net Name=NetQ1_FETChannel6_1 New Net Name=NetQ1_FETChannel7_1
Change Net Name : Old Net Name=VCC_SOURCE New Net Name=+12VCC2
Added Pin To Net: NetName=NetD2_Bed FET_1 Pin=D2_Bed FET-1
Added Pin To Net: NetName=NetD2_Bed FET_1 Pin=R4_Bed FET-1
Added Net: Name=NetD2_Bed FET_1
Added Pin To Net: NetName=NetD2_Bed FET_2 Pin=D2_Bed FET-2
Added Pin To Net: NetName=NetD2_Bed FET_2 Pin=D3_Bed FET-1
Added Pin To Net: NetName=NetD2_Bed FET_2 Pin=FC1_Bed FET-2
Added Pin To Net: NetName=NetD2_Bed FET_2 Pin=FET_TP_GND_Bed FET-1
Added Pin To Net: NetName=NetD2_Bed FET_2 Pin=Q1_Bed FET-2
Added Pin To Net: NetName=NetD2_Bed FET_2 Pin=Q1_Bed FET-2
Added Net: Name=NetD2_Bed FET_2
Added Pin To Net: NetName=NetQ1_Bed FET_1 Pin=Q1_Bed FET-1
Added Pin To Net: NetName=NetQ1_Bed FET_1 Pin=R5_Bed FET-2
Added Net: Name=NetQ1_Bed FET_1
Added Pin To Net: NetName=NetR5_Bed FET_1 Pin=R5_Bed FET-1
Added Pin To Net: NetName=NetR5_Bed FET_1 Pin=R6_Bed FET-1
Added Pin To Net: NetName=NetR5_Bed FET_1 Pin=U8-22
Added Net: Name=NetR5_Bed FET_1
Change Class Name : Old Net Name=FETChannel1 New Net Name=Bed FET
Added Class: Name=FETChannel7
Added Member To Class: ClassName=Bed FET Member=Component D2_Bed FET (D2) LED1
Added Member To Class: ClassName=Bed FET Member=Component D3_Bed FET (D3) B240A-13-F
Added Member To Class: ClassName=Bed FET Member=Component FC1_Bed FET (FC1) Molex 70543-02
Added Member To Class: ClassName=Bed FET Member=Component FET_TP_Bed FET (FET_TP) Socket
Added Member To Class: ClassName=Bed FET Member=Component FET_TP_GND_Bed FET (FET_TP_GND) Socket
Added Member To Class: ClassName=Bed FET Member=Component Q1_Bed FET (Q1) FDT439N
Added Member To Class: ClassName=Bed FET Member=Component R4_Bed FET (R4) 0805
Added Member To Class: ClassName=Bed FET Member=Component R5_Bed FET (R5) 0603
Added Member To Class: ClassName=Bed FET Member=Component R6_Bed FET (R6) 0603
Added Room: Name=Bed FET
Added Room: Name=FETChannel7
