Removed Pin From Net: NetName=VCC_SOURCE Pin=FC1_FETChannel1-1
Removed Pin From Net: NetName=NetD2_FETChannel1_2 Pin=FC1_FETChannel1-2
Removed Pin From Net: NetName=NetD2_FETChannel2_2 Pin=FC1_FETChannel2-2
Removed Pin From Net: NetName=NetD2_FETChannel3_2 Pin=FC1_FETChannel3-2
Removed Pin From Net: NetName=NetD2_FETChannel4_2 Pin=FC1_FETChannel4-2
Removed Pin From Net: NetName=NetD2_FETChannel5_2 Pin=FC1_FETChannel5-2
Removed Member From Class: ClassName=FETChannel1 Member=D2_FETChannel1
Removed Member From Class: ClassName=FETChannel1 Member=D3_FETChannel1
Removed Member From Class: ClassName=FETChannel1 Member=FC1_FETChannel1
Removed Member From Class: ClassName=FETChannel1 Member=FET_TP_FETChannel1
Removed Member From Class: ClassName=FETChannel1 Member=FET_TP_GND_FETChannel1
Removed Member From Class: ClassName=FETChannel1 Member=Q1_FETChannel1
Removed Member From Class: ClassName=FETChannel1 Member=R4_FETChannel1
Removed Member From Class: ClassName=FETChannel1 Member=R5_FETChannel1
Removed Member From Class: ClassName=FETChannel1 Member=R6_FETChannel1
Removed Member From Class: ClassName=FET_PWM[1..6] Member=NetU8_22
Change Component Designator: OldDesignator=D2_FETChannel1 NewDesignator=D2_FETChannel2
Change Component Designator: OldDesignator=D2_FETChannel2 NewDesignator=D2_FETChannel3
Change Component Designator: OldDesignator=D2_FETChannel3 NewDesignator=D2_FETChannel4
Change Component Designator: OldDesignator=D2_FETChannel4 NewDesignator=D2_FETChannel5
Change Component Designator: OldDesignator=D2_FETChannel5 NewDesignator=D2_FETChannel6
Change Component Designator: OldDesignator=D3_FETChannel1 NewDesignator=D3_FETChannel2
Change Component Designator: OldDesignator=D3_FETChannel2 NewDesignator=D3_FETChannel3
Change Component Designator: OldDesignator=D3_FETChannel3 NewDesignator=D3_FETChannel4
Change Component Designator: OldDesignator=D3_FETChannel4 NewDesignator=D3_FETChannel5
Change Component Designator: OldDesignator=D3_FETChannel5 NewDesignator=D3_FETChannel6
Change Component Designator: OldDesignator=FET_TP_FETChannel1 NewDesignator=FET_TP_FETChannel2
Change Component Designator: OldDesignator=FET_TP_FETChannel2 NewDesignator=FET_TP_FETChannel3
Change Component Designator: OldDesignator=FET_TP_FETChannel3 NewDesignator=FET_TP_FETChannel4
Change Component Designator: OldDesignator=FET_TP_FETChannel4 NewDesignator=FET_TP_FETChannel5
Change Component Designator: OldDesignator=FET_TP_FETChannel5 NewDesignator=FET_TP_FETChannel6
Change Component Designator: OldDesignator=FET_TP_GND_FETChannel1 NewDesignator=FET_TP_GND_FETChannel2
Change Component Designator: OldDesignator=FET_TP_GND_FETChannel2 NewDesignator=FET_TP_GND_FETChannel3
Change Component Designator: OldDesignator=FET_TP_GND_FETChannel3 NewDesignator=FET_TP_GND_FETChannel4
Change Component Designator: OldDesignator=FET_TP_GND_FETChannel4 NewDesignator=FET_TP_GND_FETChannel5
Change Component Designator: OldDesignator=FET_TP_GND_FETChannel5 NewDesignator=FET_TP_GND_FETChannel6
Change Component Designator: OldDesignator=Q1_FETChannel1 NewDesignator=Q1_FETChannel2
Change Component Designator: OldDesignator=Q1_FETChannel2 NewDesignator=Q1_FETChannel3
Change Component Designator: OldDesignator=Q1_FETChannel3 NewDesignator=Q1_FETChannel4
Change Component Designator: OldDesignator=Q1_FETChannel4 NewDesignator=Q1_FETChannel5
Change Component Designator: OldDesignator=Q1_FETChannel5 NewDesignator=Q1_FETChannel6
Change Component Designator: OldDesignator=R4_FETChannel1 NewDesignator=R4_FETChannel2
Change Component Designator: OldDesignator=R4_FETChannel2 NewDesignator=R4_FETChannel3
Change Component Designator: OldDesignator=R4_FETChannel3 NewDesignator=R4_FETChannel4
Change Component Designator: OldDesignator=R4_FETChannel4 NewDesignator=R4_FETChannel5
Change Component Designator: OldDesignator=R4_FETChannel5 NewDesignator=R4_FETChannel6
Change Component Designator: OldDesignator=R5_FETChannel1 NewDesignator=R5_FETChannel2
Change Component Designator: OldDesignator=R5_FETChannel2 NewDesignator=R5_FETChannel3
Change Component Designator: OldDesignator=R5_FETChannel3 NewDesignator=R5_FETChannel4
Change Component Designator: OldDesignator=R5_FETChannel4 NewDesignator=R5_FETChannel5
Change Component Designator: OldDesignator=R5_FETChannel5 NewDesignator=R5_FETChannel6
Change Component Designator: OldDesignator=R6_FETChannel1 NewDesignator=R6_FETChannel2
Change Component Designator: OldDesignator=R6_FETChannel2 NewDesignator=R6_FETChannel3
Change Component Designator: OldDesignator=R6_FETChannel3 NewDesignator=R6_FETChannel4
Change Component Designator: OldDesignator=R6_FETChannel4 NewDesignator=R6_FETChannel5
Change Component Designator: OldDesignator=R6_FETChannel5 NewDesignator=R6_FETChannel6
Added Component: Designator=D2_Bed MOSFET(SM 0805 polarized)
Added Component: Designator=D3_Bed MOSFET(SMB)
Added Component: Designator=FC1_Bed MOSFET(70543-02)
Added Component: Designator=FC1_FETChannel6(70543-02)
Added Component: Designator=FET_TP_Bed MOSFET(PIN1)
Added Component: Designator=FET_TP_GND_Bed MOSFET(PIN1)
Added Component: Designator=Q1_Bed MOSFET(Fairchild FDT439N)
Added Component: Designator=R4_Bed MOSFET(SM 0805 - gap trimmed)
Added Component: Designator=R5_Bed MOSFET(J1-0603)
Added Component: Designator=R6_Bed MOSFET(J1-0603)
Added Pin To Net: NetName=VCC_SOURCE Pin=C3-1
Added Pin To Net: NetName=VCC_SOURCE Pin=C5-2
Added Pin To Net: NetName=VCC_SOURCE Pin=C6-2
Added Pin To Net: NetName=+12VCC3 Pin=D3_Bed MOSFET-2
Added Pin To Net: NetName=VCC_SOURCE Pin=D4-2
Added Pin To Net: NetName=VCC_SOURCE Pin=F2-2
Added Pin To Net: NetName=VCC_SOURCE Pin=F2-2
Added Pin To Net: NetName=+12VCC3 Pin=FC1_Bed MOSFET-1
Added Pin To Net: NetName=NetD2_FETChannel1_2 Pin=FC1_FETChannel2-2
Added Pin To Net: NetName=NetD2_FETChannel2_2 Pin=FC1_FETChannel3-2
Added Pin To Net: NetName=NetD2_FETChannel3_2 Pin=FC1_FETChannel4-2
Added Pin To Net: NetName=NetD2_FETChannel4_2 Pin=FC1_FETChannel5-2
Added Pin To Net: NetName=VCC_SOURCE Pin=FC1_FETChannel6-1
Added Pin To Net: NetName=NetD2_FETChannel5_2 Pin=FC1_FETChannel6-2
Added Pin To Net: NetName=+12VCC3 Pin=FET_TP_Bed MOSFET-1
Added Pin To Net: NetName=GND Pin=Q1_Bed MOSFET-3
Added Pin To Net: NetName=VCC_SOURCE Pin=R1-2
Added Pin To Net: NetName=+12VCC3 Pin=R4_Bed MOSFET-2
Added Pin To Net: NetName=GND Pin=R6_Bed MOSFET-2
Change Net Name : Old Net Name=NetD2_FETChannel1_1 New Net Name=NetD2_FETChannel2_1
Change Net Name : Old Net Name=NetD2_FETChannel1_2 New Net Name=NetD2_FETChannel2_2
Change Net Name : Old Net Name=NetD2_FETChannel2_1 New Net Name=NetD2_FETChannel3_1
Change Net Name : Old Net Name=NetD2_FETChannel2_2 New Net Name=NetD2_FETChannel3_2
Change Net Name : Old Net Name=NetD2_FETChannel3_1 New Net Name=NetD2_FETChannel4_1
Change Net Name : Old Net Name=NetD2_FETChannel3_2 New Net Name=NetD2_FETChannel4_2
Change Net Name : Old Net Name=NetD2_FETChannel4_1 New Net Name=NetD2_FETChannel5_1
Change Net Name : Old Net Name=NetD2_FETChannel4_2 New Net Name=NetD2_FETChannel5_2
Change Net Name : Old Net Name=NetD2_FETChannel5_1 New Net Name=NetD2_FETChannel6_1
Change Net Name : Old Net Name=NetD2_FETChannel5_2 New Net Name=NetD2_FETChannel6_2
Change Net Name : Old Net Name=NetQ1_FETChannel1_1 New Net Name=NetQ1_FETChannel2_1
Change Net Name : Old Net Name=NetQ1_FETChannel2_1 New Net Name=NetQ1_FETChannel3_1
Change Net Name : Old Net Name=NetQ1_FETChannel3_1 New Net Name=NetQ1_FETChannel4_1
Change Net Name : Old Net Name=NetQ1_FETChannel4_1 New Net Name=NetQ1_FETChannel5_1
Change Net Name : Old Net Name=NetQ1_FETChannel5_1 New Net Name=NetQ1_FETChannel6_1
Change Net Name : Old Net Name=VCC_SOURCE New Net Name=+12VCC2
Added Pin To Net: NetName=FET_PWM6 Pin=R5_Bed MOSFET-1
Added Pin To Net: NetName=FET_PWM6 Pin=R6_Bed MOSFET-1
Added Pin To Net: NetName=FET_PWM6 Pin=U8-22
Added Net: Name=FET_PWM6
Added Pin To Net: NetName=NetD2_Bed MOSFET_1 Pin=D2_Bed MOSFET-1
Added Pin To Net: NetName=NetD2_Bed MOSFET_1 Pin=R4_Bed MOSFET-1
Added Net: Name=NetD2_Bed MOSFET_1
Added Pin To Net: NetName=NetD2_Bed MOSFET_2 Pin=D2_Bed MOSFET-2
Added Pin To Net: NetName=NetD2_Bed MOSFET_2 Pin=D3_Bed MOSFET-1
Added Pin To Net: NetName=NetD2_Bed MOSFET_2 Pin=FC1_Bed MOSFET-2
Added Pin To Net: NetName=NetD2_Bed MOSFET_2 Pin=FET_TP_GND_Bed MOSFET-1
Added Pin To Net: NetName=NetD2_Bed MOSFET_2 Pin=Q1_Bed MOSFET-2
Added Pin To Net: NetName=NetD2_Bed MOSFET_2 Pin=Q1_Bed MOSFET-2
Added Net: Name=NetD2_Bed MOSFET_2
Added Pin To Net: NetName=NetQ1_Bed MOSFET_1 Pin=Q1_Bed MOSFET-1
Added Pin To Net: NetName=NetQ1_Bed MOSFET_1 Pin=R5_Bed MOSFET-2
Added Net: Name=NetQ1_Bed MOSFET_1
Change Class Name : Old Net Name=FETChannel1 New Net Name=Bed MOSFET
Change Class Name : Old Net Name=FET_PWM[1..6] New Net Name=FET_PWM[1..5]
Added Class: Name=FETChannel6
Added Member To Class: ClassName=Bed MOSFET Member=Component D2_Bed MOSFET (D2) LED1
Added Member To Class: ClassName=Bed MOSFET Member=Component D3_Bed MOSFET (D3) B240A-13-F
Added Member To Class: ClassName=Bed MOSFET Member=Component FC1_Bed MOSFET (FC1) Molex 70543-02
Added Member To Class: ClassName=Bed MOSFET Member=Component FET_TP_Bed MOSFET (FET_TP) Socket
Added Member To Class: ClassName=Bed MOSFET Member=Component FET_TP_GND_Bed MOSFET (FET_TP_GND) Socket
Added Member To Class: ClassName=Bed MOSFET Member=Component Q1_Bed MOSFET (Q1) FDT439N
Added Member To Class: ClassName=Bed MOSFET Member=Component R4_Bed MOSFET (R4) 0805
Added Member To Class: ClassName=Bed MOSFET Member=Component R5_Bed MOSFET (R5) 0603
Added Member To Class: ClassName=Bed MOSFET Member=Component R6_Bed MOSFET (R6) 0603
Added Member To Class: ClassName=FET_PWM[1..5] Member=Element[6]: FET_PWM
Added Room: Name=Bed MOSFET
Added Room: Name=FETChannel6
