Removed Pin From Net: NetName=3.3KVCC Pin=-5
Removed Pin From Net: NetName=3.3KVCC Pin=-7
Removed Pin From Net: NetName=NetC22_1 Pin=Logic Source1-2
Change Component Footprint: Designator=F1 Old Footprint=F1210_M New Footprint=3522-2
Change Component Footprint: Designator=F3 Old Footprint=F1210_M New Footprint=3522-2
Change Component Footprint: Designator=F2 Old Footprint=KEYSTONE  3587TR New Footprint=3522-2
Change Component Comment : Designator=F2 Old Comment=KEYSTONE  3587TR New Comment=3522-2
Change Component Comment : Designator=F1 Old Comment=LittleFuse F1210 New Comment=3522-2
Change Component Comment : Designator=F3 Old Comment=LittleFuse F1210 New Comment=3522-2
Change Component Designator: OldDesignator= NewDesignator=EXP0
Added Component: Designator=F?(F1210_M)
Added Pin To Net: NetName=3.3VCC Pin=EXP0-5
Added Pin To Net: NetName=3.3VCC Pin=EXP0-7
Added Pin To Net: NetName=NetC22_1 Pin=F?-1
Added Pin To Net: NetName=3.3KVCC Pin=F?-2
Added Pin To Net: NetName=3.3KVCC Pin=Logic Source1-2
Change Net Name : Old Net Name=3.3KVCC New Net Name=NetF?_2
Added Member To Class: ClassName=Designator Member=Component F? LittleFuse F1210
Added Room: Name=ATSAM4E16EA_AU Main Controller
Added Room: Name=Designator
