Removed Member From Class: ClassName=DIR[1..5] Member=DIR1
Removed Member From Class: ClassName=DIR[1..5] Member=DIR2
Removed Member From Class: ClassName=DIR[1..5] Member=DIR3
Removed Member From Class: ClassName=DIR[1..5] Member=DIR4
Removed Member From Class: ClassName=DIR[1..5] Member=DIR5
Removed Member From Class: ClassName=DRV_RESET[1..5] Member=DRV_RESET1
Removed Member From Class: ClassName=DRV_RESET[1..5] Member=DRV_RESET2
Removed Member From Class: ClassName=DRV_RESET[1..5] Member=DRV_RESET3
Removed Member From Class: ClassName=DRV_RESET[1..5] Member=DRV_RESET4
Removed Member From Class: ClassName=DRV_RESET[1..5] Member=DRV_RESET5
Removed Member From Class: ClassName=EN[1..5] Member=EN1
Removed Member From Class: ClassName=EN[1..5] Member=EN2
Removed Member From Class: ClassName=EN[1..5] Member=EN3
Removed Member From Class: ClassName=EN[1..5] Member=EN4
Removed Member From Class: ClassName=EN[1..5] Member=EN5
Removed Member From Class: ClassName=FET_PWM[1..5] Member=FET_PWM1
Removed Member From Class: ClassName=FET_PWM[1..5] Member=FET_PWM2
Removed Member From Class: ClassName=FET_PWM[1..5] Member=FET_PWM3
Removed Member From Class: ClassName=FET_PWM[1..5] Member=FET_PWM4
Removed Member From Class: ClassName=FET_PWM[1..5] Member=FET_PWM5
Removed Member From Class: ClassName=MAX_ES[1..3] Member=MAX_ES1
Removed Member From Class: ClassName=MAX_ES[1..3] Member=MAX_ES2
Removed Member From Class: ClassName=MAX_ES[1..3] Member=MAX_ES3
Removed Member From Class: ClassName=MIN_ES[1..3] Member=MIN_ES1
Removed Member From Class: ClassName=MIN_ES[1..3] Member=MIN_ES2
Removed Member From Class: ClassName=MIN_ES[1..3] Member=MIN_ES3
Removed Member From Class: ClassName=MOD0E[1..5] Member=MOD0E1
Removed Member From Class: ClassName=MOD0E[1..5] Member=MOD0E2
Removed Member From Class: ClassName=MOD0E[1..5] Member=MOD0E3
Removed Member From Class: ClassName=MOD0E[1..5] Member=MOD0E4
Removed Member From Class: ClassName=MOD0E[1..5] Member=MOD0E5
Removed Member From Class: ClassName=MOD1E[1..5] Member=MOD1E1
Removed Member From Class: ClassName=MOD1E[1..5] Member=MOD1E2
Removed Member From Class: ClassName=MOD1E[1..5] Member=MOD1E3
Removed Member From Class: ClassName=MOD1E[1..5] Member=MOD1E4
Removed Member From Class: ClassName=MOD1E[1..5] Member=MOD1E5
Removed Member From Class: ClassName=MOD2E[1..5] Member=MOD2E1
Removed Member From Class: ClassName=MOD2E[1..5] Member=MOD2E2
Removed Member From Class: ClassName=MOD2E[1..5] Member=MOD2E3
Removed Member From Class: ClassName=MOD2E[1..5] Member=MOD2E4
Removed Member From Class: ClassName=MOD2E[1..5] Member=MOD2E5
Removed Member From Class: ClassName=REF[1..5] Member=REF1
Removed Member From Class: ClassName=REF[1..5] Member=REF2
Removed Member From Class: ClassName=REF[1..5] Member=REF3
Removed Member From Class: ClassName=REF[1..5] Member=REF4
Removed Member From Class: ClassName=REF[1..5] Member=REF5
Removed Member From Class: ClassName=STEP[1..5] Member=STEP1
Removed Member From Class: ClassName=STEP[1..5] Member=STEP2
Removed Member From Class: ClassName=STEP[1..5] Member=STEP3
Removed Member From Class: ClassName=STEP[1..5] Member=STEP4
Removed Member From Class: ClassName=STEP[1..5] Member=STEP5
Removed Member From Class: ClassName=TC_CS[1..2] Member=TC_CS1
Removed Member From Class: ClassName=TC_CS[1..2] Member=TC_CS2
Removed Member From Class: ClassName=THERM_AN[1..2] Member=THERM_AN1
Removed Member From Class: ClassName=THERM_AN[1..2] Member=THERM_AN2
Change Class Name : Old Net Name=DIR[1..5] New Net Name=DIR_BUS[1..5]
Change Class Name : Old Net Name=DRV_RESET[1..5] New Net Name=DRV_RESET_BUS[1..5]
Change Class Name : Old Net Name=EN[1..5] New Net Name=EN_BUS[1..5]
Change Class Name : Old Net Name=FET_PWM[1..5] New Net Name=FET_PWMBUS[1..5]
Change Class Name : Old Net Name=MAX_ES[1..3] New Net Name=MAX_ES_BUS[1..3]
Change Class Name : Old Net Name=MIN_ES[1..3] New Net Name=MIN_ES_BUS[1..3]
Change Class Name : Old Net Name=MOD0E[1..5] New Net Name=MOD0E_BUS[1..5]
Change Class Name : Old Net Name=MOD1E[1..5] New Net Name=MOD1E_BUS[1..5]
Change Class Name : Old Net Name=MOD2E[1..5] New Net Name=MOD2E_BUS[1..5]
Change Class Name : Old Net Name=OVREF[1..2] New Net Name=OVREFBUS[1..2]
Change Class Name : Old Net Name=REF[1..5] New Net Name=REF_BUS[1..5]
Change Class Name : Old Net Name=STEP[1..5] New Net Name=STEP_BUS[1..5]
Change Class Name : Old Net Name=TC_CS[1..2] New Net Name=TC_CS_BUS[1..2]
Change Class Name : Old Net Name=THERM_AN[1..2] New Net Name=THERM_ANBUS[1..2]
