Change Component Designator: OldDesignator=Expansion NewDesignator=EXP0
Change Component Designator: OldDesignator=Power Input NewDesignator=Power Input1
Added Component: Designator=U5(LQFP144_N)
Added Pin To Net: NetName=DRV_RESET_EXP2 Pin=U5-2
Added Pin To Net: NetName=VDDOUT Pin=U5-3
Added Pin To Net: NetName=MAX_ES3 Pin=U5-4
Added Pin To Net: NetName=VDDIN Pin=U5-5
Added Pin To Net: NetName=MIN_ES3 Pin=U5-6
Added Pin To Net: NetName=GPIO0_EXP Pin=U5-7
Added Pin To Net: NetName=GND Pin=U5-8
Added Pin To Net: NetName=AVREF Pin=U5-9
Added Pin To Net: NetName=GPIO1_EXP Pin=U5-10
Added Pin To Net: NetName=EN1 Pin=U5-12
Added Pin To Net: NetName=EN2 Pin=U5-13
Added Pin To Net: NetName=EN3 Pin=U5-14
Added Pin To Net: NetName=EN4 Pin=U5-15
Added Pin To Net: NetName=EN5 Pin=U5-16
Added Pin To Net: NetName=EN_EXP2 Pin=U5-20
Added Pin To Net: NetName=STEP_EXP2 Pin=U5-21
Added Pin To Net: NetName=MAX_ES2 Pin=U5-22
Added Pin To Net: NetName=MIN_ES2 Pin=U5-23
Added Pin To Net: NetName=MAX_ES1 Pin=U5-24
Added Pin To Net: NetName=MIN_ES1 Pin=U5-25
Added Pin To Net: NetName=DIR_EXP2 Pin=U5-26
Added Pin To Net: NetName=GPIO2_EXP Pin=U5-27
Added Pin To Net: NetName=GPIO3_EXP Pin=U5-28
Added Pin To Net: NetName=VDDOUT Pin=U5-29
Added Pin To Net: NetName=3.3VCC Pin=U5-30
Added Pin To Net: NetName=MODE0_EXP2 Pin=U5-31
Added Pin To Net: NetName=RXD1 Pin=U5-32
Added Pin To Net: NetName=VDDOUT Pin=U5-33
Added Pin To Net: NetName=MODE2_EXP2 Pin=U5-34
Added Pin To Net: NetName=MODE1_EXP2 Pin=U5-35
Added Pin To Net: NetName=ADC_TRIGGER Pin=U5-36
Added Pin To Net: NetName=TXD1 Pin=U5-37
Added Pin To Net: NetName=NetU5_38 Pin=U5-38
Added Pin To Net: NetName=MOD1E1 Pin=U5-40
Added Pin To Net: NetName=MOD1E2 Pin=U5-41
Added Pin To Net: NetName=MOSI Pin=U5-42
Added Pin To Net: NetName=3.3VCC Pin=U5-43
Added Pin To Net: NetName=GND Pin=U5-44
Added Pin To Net: NetName=EXP_CS Pin=U5-45
Added Pin To Net: NetName=EN_EXP1 Pin=U5-46
Added Pin To Net: NetName=REF_EXP2 Pin=U5-47
Added Pin To Net: NetName=MOD1E3 Pin=U5-48
Added Pin To Net: NetName=NetU5_49 Pin=U5-49
Added Pin To Net: NetName=VDDOUT Pin=U5-50
Added Pin To Net: NetName=SCLK Pin=U5-51
Added Pin To Net: NetName=REF5 Pin=U5-52
Added Pin To Net: NetName=REF_EXP1 Pin=U5-53
Added Pin To Net: NetName=MOD1E4 Pin=U5-54
Added Pin To Net: NetName=REF4 Pin=U5-55
Added Pin To Net: NetName=STEP_EXP1 Pin=U5-56
Added Pin To Net: NetName=REF3 Pin=U5-57
Added Pin To Net: NetName=MOD1E5 Pin=U5-58
Added Pin To Net: NetName=DIR_EXP1 Pin=U5-59
Added Pin To Net: NetName=REF2 Pin=U5-60
Added Pin To Net: NetName=GND Pin=U5-61
Added Pin To Net: NetName=MODE0_EXP1 Pin=U5-62
Added Pin To Net: NetName=REF1 Pin=U5-63
Added Pin To Net: NetName=ATSAM_SS Pin=U5-64
Added Pin To Net: NetName=TC_CS1 Pin=U5-66
Added Pin To Net: NetName=MOD2E1 Pin=U5-67
Added Pin To Net: NetName=MISO Pin=U5-68
Added Pin To Net: NetName=MOD2E2 Pin=U5-69
Added Pin To Net: NetName=MODE1_EXP1 Pin=U5-70
Added Pin To Net: NetName=3.3VCC Pin=U5-72
Added Pin To Net: NetName=MODE2_EXP1 Pin=U5-73
Added Pin To Net: NetName=MOD2E3 Pin=U5-74
Added Pin To Net: NetName=TC_CS2 Pin=U5-75
Added Pin To Net: NetName=I2C_SCL Pin=U5-77
Added Pin To Net: NetName=MOD2E4 Pin=U5-78
Added Pin To Net: NetName=TMS/SWDIO Pin=U5-79
Added Pin To Net: NetName=3.3VCC Pin=U5-80
Added Pin To Net: NetName=VDDOUT Pin=U5-81
Added Pin To Net: NetName=DRV_RESET1 Pin=U5-82
Added Pin To Net: NetName=RESET Pin=U5-83
Added Pin To Net: NetName=MOD2E5 Pin=U5-84
Added Pin To Net: NetName=TRST Pin=U5-85
Added Pin To Net: NetName=DRV_RESET2 Pin=U5-86
Added Pin To Net: NetName=ERASE Pin=U5-87
Added Pin To Net: NetName=DRV_RESET_EXP1 Pin=U5-88
Added Pin To Net: NetName=TCK/SWDCLK Pin=U5-89
Added Pin To Net: NetName=DRV_RESET3 Pin=U5-90
Added Pin To Net: NetName=I2C_SDA Pin=U5-91
Added Pin To Net: NetName=DIR5 Pin=U5-92
Added Pin To Net: NetName=DRV_RESET4 Pin=U5-94
Added Pin To Net: NetName=GND Pin=U5-95
Added Pin To Net: NetName=3.3VCC Pin=U5-96
Added Pin To Net: NetName=DRV_RESET5 Pin=U5-97
Added Pin To Net: NetName=DIR4 Pin=U5-98
Added Pin To Net: NetName=EXP_SYNC Pin=U5-100
Added Pin To Net: NetName=DIR3 Pin=U5-101
Added Pin To Net: NetName=EXP_INTERRUP1 Pin=U5-103
Added Pin To Net: NetName=GND Pin=U5-104
Added Pin To Net: NetName=TDI Pin=U5-105
Added Pin To Net: NetName=VDDOUT Pin=U5-107
Added Pin To Net: NetName=TDO/SWO Pin=U5-109
Added Pin To Net: NetName=DIR2 Pin=U5-110
Added Pin To Net: NetName=EXP_INTERRUP2 Pin=U5-111
Added Pin To Net: NetName=DIR1 Pin=U5-113
Added Pin To Net: NetName=GND Pin=U5-115
Added Pin To Net: NetName=MOD0E1 Pin=U5-117
Added Pin To Net: NetName=MOD0E2 Pin=U5-120
Added Pin To Net: NetName=MOD0E3 Pin=U5-122
Added Pin To Net: NetName=VDDOUT Pin=U5-123
Added Pin To Net: NetName=MOD0E4 Pin=U5-124
Added Pin To Net: NetName=STEP5 Pin=U5-125
Added Pin To Net: NetName=STEP4 Pin=U5-126
Added Pin To Net: NetName=MOD0E5 Pin=U5-127
Added Pin To Net: NetName=STEP3 Pin=U5-128
Added Pin To Net: NetName=NetR15_1 Pin=U5-129
Added Pin To Net: NetName=STEP2 Pin=U5-131
Added Pin To Net: NetName=STEP1 Pin=U5-132
Added Pin To Net: NetName=3.3VCC Pin=U5-134
Added Pin To Net: NetName=GND Pin=U5-135
Added Pin To Net: NetName=UDP_P Pin=U5-136
Added Pin To Net: NetName=UDM_N Pin=U5-137
Added Pin To Net: NetName=GND Pin=U5-138
Added Pin To Net: NetName=VDDPLL Pin=U5-139
Added Pin To Net: NetName=NetU5_140 Pin=U5-140
Added Pin To Net: NetName=NetC43_2 Pin=U5-141
Added Pin To Net: NetName=NetC44_2 Pin=U5-142
Added Pin To Net: NetName=3.3VCC Pin=U5-143
Added Member To Class: ClassName=ATSAM4E16EA_AU Main Controller Member=Component U5 ATSAM4E16EA-AU
